SF:lib\src\firestore\entities\political_cartoon_entity.dart
DA:7,1
DA:27,1
DA:28,9
DA:30,1
DA:32,1
DA:33,1
DA:34,1
DA:35,1
DA:36,1
DA:37,1
DA:38,1
DA:39,1
DA:40,1
DA:44,1
DA:45,1
DA:46,1
DA:47,1
DA:48,1
DA:49,1
DA:50,2
DA:51,1
DA:52,1
DA:53,2
DA:57,0
DA:58,0
DA:59,0
DA:60,0
DA:61,0
DA:62,0
DA:63,0
DA:64,0
DA:65,0
DA:66,0
DA:67,0
DA:71,0
DA:72,0
DA:73,0
DA:74,0
DA:75,0
DA:76,0
DA:77,0
DA:78,0
DA:79,0
LF:43
LH:23
end_of_record
SF:lib\src\auth\firebase_user_repository.dart
DA:8,0
DA:9,0
DA:11,0
DA:12,0
DA:16,0
DA:17,0
DA:20,0
DA:21,0
DA:24,0
DA:25,0
LF:10
LH:0
end_of_record
SF:lib\src\firestore\firestore_political_cartoon_repository.dart
DA:11,0
DA:12,0
DA:13,0
DA:14,0
DA:15,0
DA:16,0
DA:17,0
DA:18,0
DA:19,0
DA:20,0
DA:21,0
DA:22,0
DA:23,0
DA:25,0
DA:31,0
DA:33,0
DA:40,0
DA:42,0
DA:45,0
DA:52,0
DA:54,0
DA:56,0
DA:57,0
DA:58,0
DA:59,0
DA:60,0
DA:61,0
DA:62,0
DA:66,0
DA:74,0
DA:75,0
DA:76,0
DA:77,0
DA:78,0
DA:79,0
DA:80,0
DA:81,0
DA:87,0
DA:89,0
DA:92,0
DA:94,0
DA:95,0
DA:96,0
DA:99,0
DA:101,0
DA:102,0
DA:103,0
DA:108,0
DA:110,0
DA:111,0
DA:112,0
DA:113,0
DA:114,0
DA:115,0
DA:116,0
DA:117,0
DA:118,0
LF:57
LH:0
end_of_record
SF:lib\src\firestore\models\image_type.dart
DA:3,2
DA:26,1
DA:27,1
DA:30,3
DA:31,0
LF:5
LH:4
end_of_record
SF:lib\src\firestore\models\period_range.dart
DA:4,0
DA:10,0
DA:11,0
DA:13,0
DA:15,0
DA:17,0
LF:6
LH:0
end_of_record
SF:lib\src\firestore\models\political_cartoon.dart
DA:10,1
DA:21,1
DA:22,3
DA:34,1
DA:35,1
DA:36,1
DA:37,1
DA:38,1
DA:39,1
DA:40,1
DA:41,1
DA:42,1
DA:43,1
DA:44,1
DA:47,0
DA:49,0
DA:52,1
DA:53,1
DA:54,1
DA:55,1
DA:56,1
DA:57,1
DA:58,1
DA:59,1
DA:60,1
DA:61,1
DA:65,1
DA:66,1
DA:67,1
DA:68,1
DA:69,1
DA:70,2
DA:71,1
DA:72,1
DA:73,1
DA:74,1
DA:78,0
DA:88,0
DA:89,0
DA:90,0
DA:91,0
DA:92,0
DA:93,0
DA:94,0
LF:44
LH:34
end_of_record
SF:lib\src\firestore\models\sort_by_mode.dart
DA:3,1
DA:11,1
DA:16,0
DA:17,0
DA:19,0
DA:21,0
DA:40,0
DA:41,0
DA:42,0
LF:9
LH:2
end_of_record
SF:lib\src\firestore\models\tag.dart
DA:1,2
DA:64,0
LF:2
LH:1
end_of_record
SF:lib\src\firestore\models\time_ago.dart
DA:4,0
LF:1
LH:0
end_of_record
SF:lib\src\firestore\utils\map_id_to_tag.dart
DA:3,1
DA:4,4
LF:2
LH:2
end_of_record
SF:lib\src\firestore\utils\map_tag_to_id.dart
DA:3,0
DA:4,0
LF:2
LH:0
end_of_record
