SF:lib\src\firestore\entities\political_cartoon_entity.dart
DA:6,1
DA:23,1
DA:25,8
DA:27,0
DA:29,0
DA:32,1
DA:33,1
DA:34,1
DA:35,1
DA:36,1
DA:37,1
DA:38,2
DA:39,1
DA:40,1
DA:44,0
DA:45,0
DA:46,0
DA:47,0
DA:48,0
DA:49,0
DA:50,0
DA:51,0
DA:52,0
DA:53,0
DA:56,0
DA:57,0
DA:58,0
DA:59,0
DA:60,0
DA:61,0
DA:62,0
DA:63,0
LF:32
LH:12
end_of_record
SF:lib\src\auth\firebase_user_repository.dart
DA:8,0
DA:9,0
DA:11,0
DA:12,0
DA:16,0
DA:17,0
DA:20,0
DA:21,0
LF:8
LH:0
end_of_record
SF:lib\src\firestore\firestore_political_cartoon_repository.dart
DA:12,0
DA:15,0
DA:20,0
DA:22,0
DA:25,0
DA:27,0
DA:28,0
DA:30,0
DA:31,0
DA:36,0
DA:37,0
DA:38,0
DA:39,0
DA:40,0
DA:41,0
DA:42,0
DA:43,0
DA:47,0
DA:49,0
DA:52,0
DA:54,0
DA:55,0
DA:56,0
DA:59,0
DA:61,0
DA:62,0
DA:63,0
DA:66,0
DA:68,0
DA:69,0
DA:70,0
DA:71,0
DA:72,0
DA:73,0
DA:74,0
DA:75,0
DA:76,0
DA:77,0
LF:38
LH:0
end_of_record
SF:lib\src\firestore\models\period_range.dart
DA:4,0
DA:10,0
DA:11,0
DA:13,0
DA:15,0
DA:17,0
LF:6
LH:0
end_of_record
SF:lib\src\firestore\models\political_cartoon.dart
DA:10,1
DA:20,1
DA:21,3
DA:32,1
DA:33,1
DA:34,1
DA:35,1
DA:36,1
DA:37,1
DA:38,1
DA:39,1
DA:40,1
DA:41,1
DA:44,0
DA:46,0
DA:49,1
DA:50,1
DA:51,1
DA:52,1
DA:53,1
DA:54,1
DA:55,1
DA:56,1
DA:57,1
DA:61,1
DA:62,1
DA:63,1
DA:64,1
DA:65,1
DA:66,1
DA:67,1
DA:68,1
DA:69,1
LF:33
LH:31
end_of_record
SF:lib\src\firestore\models\sort_by_mode.dart
DA:3,1
DA:11,1
DA:16,0
DA:17,0
DA:19,0
DA:21,0
DA:40,0
DA:41,0
DA:42,0
LF:9
LH:2
end_of_record
SF:lib\src\firestore\models\time_ago.dart
DA:5,0
DA:13,0
DA:17,0
DA:18,0
DA:19,0
DA:20,0
DA:22,0
DA:24,0
DA:26,0
DA:28,0
DA:29,0
DA:30,0
DA:32,0
DA:33,0
DA:34,0
DA:36,0
DA:37,0
DA:38,0
DA:40,0
DA:41,0
LF:20
LH:0
end_of_record
SF:lib\src\firestore\models\unit.dart
DA:3,1
DA:32,0
DA:46,0
DA:48,0
DA:49,0
LF:5
LH:1
end_of_record
